<?xml version="1.0" encoding="UTF-8"?>
<!-- Generated by org.testng.reporters.JUnitXMLReporter -->
<testsuite ignored="0" hostname="DESKTOP-EDFHH1L" failures="0" tests="1" name="Chrome Test" time="1.364" errors="0" timestamp="2021-05-05T23:45:01 CEST">
  <testcase classname="testpractice.TestNG_Practice1" name="@BeforeClass setUp" time="1.338">
    <failure type="org.openqa.selenium.SessionNotCreatedException" message="session not created: This version of ChromeDriver only supports Chrome version 86
Current browser version is 90.0.4430.93 with binary path C:\Program Files (x86)\Google\Chrome\Application\chrome.exe
Build info: version: &amp;apos;3.141.59&amp;apos;, revision: &amp;apos;e82be7d358&amp;apos;, time: &amp;apos;2018-11-14T08:25:48&amp;apos;
System info: host: &amp;apos;DESKTOP-EDFHH1L&amp;apos;, ip: &amp;apos;192.168.0.12&amp;apos;, os.name: &amp;apos;Windows 10&amp;apos;, os.arch: &amp;apos;amd64&amp;apos;, os.version: &amp;apos;10.0&amp;apos;, java.version: &amp;apos;15.0.1&amp;apos;
Driver info: driver.version: ChromeDriver
remote stacktrace: Backtrace:
	Ordinal0 [0x010FC013+3194899]
	Ordinal0 [0x00FE6021+2056225]
	Ordinal0 [0x00E7F608+587272]
	Ordinal0 [0x00E01BF3+72691]
	Ordinal0 [0x00DFE229+57897]
	Ordinal0 [0x00DFC64A+50762]
	Ordinal0 [0x00E21EE9+204521]
	Ordinal0 [0x00E21D0D+204045]
	Ordinal0 [0x00E1FC1B+195611]
	Ordinal0 [0x00E03B7F+80767]
	Ordinal0 [0x00E04B4E+84814]
	Ordinal0 [0x00E04AD9+84697]
	Ordinal0 [0x00FFCE64+2149988]
	GetHandleVerifier [0x0126BE95+1400773]
	GetHandleVerifier [0x0126BB61+1399953]
	GetHandleVerifier [0x012731FA+1430314]
	GetHandleVerifier [0x0126C69F+1402831]
	Ordinal0 [0x00FF3D61+2112865]
	Ordinal0 [0x00FFE5CB+2155979]
	Ordinal0 [0x00FFE6F5+2156277]
	Ordinal0 [0x0100F26E+2224750]
	BaseThreadInitThunk [0x75EAFA29+25]
	RtlGetAppContainerNamedObjectPath [0x77477A4E+286]
	RtlGetAppContainerNamedObjectPath [0x77477A1E+238]
">
      <![CDATA[org.openqa.selenium.SessionNotCreatedException: session not created: This version of ChromeDriver only supports Chrome version 86
Current browser version is 90.0.4430.93 with binary path C:\Program Files (x86)\Google\Chrome\Application\chrome.exe
Build info: version: '3.141.59', revision: 'e82be7d358', time: '2018-11-14T08:25:48'
System info: host: 'DESKTOP-EDFHH1L', ip: '192.168.0.12', os.name: 'Windows 10', os.arch: 'amd64', os.version: '10.0', java.version: '15.0.1'
Driver info: driver.version: ChromeDriver
remote stacktrace: Backtrace:
Ordinal0 [0x010FC013+3194899]
Ordinal0 [0x00FE6021+2056225]
Ordinal0 [0x00E7F608+587272]
Ordinal0 [0x00E01BF3+72691]
Ordinal0 [0x00DFE229+57897]
Ordinal0 [0x00DFC64A+50762]
Ordinal0 [0x00E21EE9+204521]
Ordinal0 [0x00E21D0D+204045]
Ordinal0 [0x00E1FC1B+195611]
Ordinal0 [0x00E03B7F+80767]
Ordinal0 [0x00E04B4E+84814]
Ordinal0 [0x00E04AD9+84697]
Ordinal0 [0x00FFCE64+2149988]
GetHandleVerifier [0x0126BE95+1400773]
GetHandleVerifier [0x0126BB61+1399953]
GetHandleVerifier [0x012731FA+1430314]
GetHandleVerifier [0x0126C69F+1402831]
Ordinal0 [0x00FF3D61+2112865]
Ordinal0 [0x00FFE5CB+2155979]
Ordinal0 [0x00FFE6F5+2156277]
Ordinal0 [0x0100F26E+2224750]
BaseThreadInitThunk [0x75EAFA29+25]
RtlGetAppContainerNamedObjectPath [0x77477A4E+286]
RtlGetAppContainerNamedObjectPath [0x77477A1E+238]

at org.openqa.selenium.remote.W3CHandshakeResponse.lambda$errorHandler$0(W3CHandshakeResponse.java:62)
at org.openqa.selenium.remote.HandshakeResponse.lambda$getResponseFunction$0(HandshakeResponse.java:30)
at org.openqa.selenium.remote.ProtocolHandshake.lambda$createSession$0(ProtocolHandshake.java:126)
at java.base/java.util.stream.ReferencePipeline$3$1.accept(ReferencePipeline.java:195)
at java.base/java.util.Spliterators$ArraySpliterator.tryAdvance(Spliterators.java:958)
at java.base/java.util.stream.ReferencePipeline.forEachWithCancel(ReferencePipeline.java:127)
at java.base/java.util.stream.AbstractPipeline.copyIntoWithCancel(AbstractPipeline.java:502)
at java.base/java.util.stream.AbstractPipeline.copyInto(AbstractPipeline.java:488)
at java.base/java.util.stream.AbstractPipeline.wrapAndCopyInto(AbstractPipeline.java:474)
at java.base/java.util.stream.FindOps$FindOp.evaluateSequential(FindOps.java:150)
at java.base/java.util.stream.AbstractPipeline.evaluate(AbstractPipeline.java:234)
at java.base/java.util.stream.ReferencePipeline.findFirst(ReferencePipeline.java:543)
at org.openqa.selenium.remote.ProtocolHandshake.createSession(ProtocolHandshake.java:128)
at org.openqa.selenium.remote.ProtocolHandshake.createSession(ProtocolHandshake.java:74)
at org.openqa.selenium.remote.HttpCommandExecutor.execute(HttpCommandExecutor.java:136)
at org.openqa.selenium.remote.service.DriverCommandExecutor.execute(DriverCommandExecutor.java:83)
at org.openqa.selenium.remote.RemoteWebDriver.execute(RemoteWebDriver.java:552)
at org.openqa.selenium.remote.RemoteWebDriver.startSession(RemoteWebDriver.java:213)
at org.openqa.selenium.remote.RemoteWebDriver.<init>(RemoteWebDriver.java:131)
at org.openqa.selenium.chrome.ChromeDriver.<init>(ChromeDriver.java:181)
at org.openqa.selenium.chrome.ChromeDriver.<init>(ChromeDriver.java:168)
at org.openqa.selenium.chrome.ChromeDriver.<init>(ChromeDriver.java:123)
at testpractice.TestNG_Practice1.setUp(TestNG_Practice1.java:29)
at java.base/java.util.ArrayList.forEach(ArrayList.java:1511)
at java.base/java.util.concurrent.FutureTask.run(FutureTask.java:264)
at java.base/java.util.concurrent.ThreadPoolExecutor.runWorker(ThreadPoolExecutor.java:1130)
at java.base/java.util.concurrent.ThreadPoolExecutor$Worker.run(ThreadPoolExecutor.java:630)
at java.base/java.lang.Thread.run(Thread.java:832)
... Removed 21 stack frames]]>
    </failure>
  </testcase> <!-- @BeforeClass setUp -->
  <testcase classname="testpractice.TestNG_Practice1" name="@AfterClass cleanUp" time="-1.620251101806E9">
    <skipped/>
  </testcase> <!-- @AfterClass cleanUp -->
  <testcase classname="testpractice.TestNG_Practice1" name="testMethod1" time="0.0">
    <skipped/>
  </testcase> <!-- testMethod1 -->
</testsuite> <!-- Chrome Test -->
